# JRE version: Java(TM) SE Runtime Environment (8.0_91-b14) (build 1.8.0_91-b14)
# Java VM: Java HotSpot(TM) 64-Bit Server VM (25.91-b14 mixed mode bsd-amd64 compressed oops)
Heap:
 PSYoungGen      total 79872K, used 440K [0x000000076ab00000, 0x0000000779180000, 0x00000007c0000000)
  eden space 26112K, 1% used [0x000000076ab00000,0x000000076ab6e048,0x000000076c480000)
  from space 53760K, 0% used [0x000000076c480000,0x000000076c480000,0x000000076f900000)
  to   space 104960K, 0% used [0x0000000772b00000,0x0000000772b00000,0x0000000779180000)
 ParOldGen       total 125440K, used 31596K [0x00000006c0000000, 0x00000006c7a80000, 0x000000076ab00000)
  object space 125440K, 25% used [0x00000006c0000000,0x00000006c1edb130,0x00000006c7a80000)
 Metaspace       used 24764K, capacity 25054K, committed 25600K, reserved 1071104K
  class space    used 2973K, capacity 3042K, committed 3072K, reserved 1048576K
GC Heap History (10 events):
Event: 97469.610 GC heap before
{Heap before GC invocations=12 (full 2):
 PSYoungGen      total 113664K, used 109657K [0x000000076ab00000, 0x0000000777600000, 0x00000007c0000000)
  eden space 47104K, 91% used [0x000000076ab00000,0x000000076d51bbb8,0x000000076d900000)
  from space 66560K, 99% used [0x000000076d980000,0x0000000771a7aa60,0x0000000771a80000)
  to   space 80384K, 0% used [0x0000000772780000,0x0000000772780000,0x0000000777600000)
 ParOldGen       total 126464K, used 79147K [0x00000006c0000000, 0x00000006c7b80000, 0x000000076ab00000)
  object space 126464K, 62% used [0x00000006c0000000,0x00000006c4d4af20,0x00000006c7b80000)
 Metaspace       used 24793K, capacity 25156K, committed 25600K, reserved 1071104K
  class space    used 2980K, capacity 3059K, committed 3072K, reserved 1048576K
Event: 97469.640 GC heap after
Heap after GC invocations=12 (full 2):
 PSYoungGen      total 123392K, used 59871K [0x000000076ab00000, 0x0000000777d80000, 0x00000007c0000000)
  eden space 43008K, 0% used [0x000000076ab00000,0x000000076ab00000,0x000000076d500000)
  from space 80384K, 74% used [0x0000000772780000,0x00000007761f7c40,0x0000000777600000)
  to   space 84480K, 0% used [0x000000076d500000,0x000000076d500000,0x0000000772780000)
 ParOldGen       total 126464K, used 89891K [0x00000006c0000000, 0x00000006c7b80000, 0x000000076ab00000)
  object space 126464K, 71% used [0x00000006c0000000,0x00000006c57c8dc8,0x00000006c7b80000)
 Metaspace       used 24793K, capacity 25156K, committed 25600K, reserved 1071104K
  class space    used 2980K, capacity 3059K, committed 3072K, reserved 1048576K
}
Event: 97580.912 GC heap before
{Heap before GC invocations=13 (full 2):
 PSYoungGen      total 123392K, used 101372K [0x000000076ab00000, 0x0000000777d80000, 0x00000007c0000000)
  eden space 43008K, 96% used [0x000000076ab00000,0x000000076d3876c0,0x000000076d500000)
  from space 80384K, 74% used [0x0000000772780000,0x00000007761f7c40,0x0000000777600000)
  to   space 84480K, 0% used [0x000000076d500000,0x000000076d500000,0x0000000772780000)
 ParOldGen       total 126464K, used 89891K [0x00000006c0000000, 0x00000006c7b80000, 0x000000076ab00000)
  object space 126464K, 71% used [0x00000006c0000000,0x00000006c57c8dc8,0x00000006c7b80000)
 Metaspace       used 24803K, capacity 25156K, committed 25600K, reserved 1071104K
  class space    used 2980K, capacity 3059K, committed 3072K, reserved 1048576K
Event: 97580.932 GC heap after
Heap after GC invocations=13 (full 2):
 PSYoungGen      total 126976K, used 74077K [0x000000076ab00000, 0x0000000778980000, 0x00000007c0000000)
  eden space 42496K, 0% used [0x000000076ab00000,0x000000076ab00000,0x000000076d480000)
  from space 84480K, 87% used [0x000000076d500000,0x0000000771d57638,0x0000000772780000)
  to   space 92672K, 0% used [0x0000000772f00000,0x0000000772f00000,0x0000000778980000)
 ParOldGen       total 126464K, used 89891K [0x00000006c0000000, 0x00000006c7b80000, 0x000000076ab00000)
  object space 126464K, 71% used [0x00000006c0000000,0x00000006c57c8dc8,0x00000006c7b80000)
 Metaspace       used 24803K, capacity 25156K, committed 25600K, reserved 1071104K
  class space    used 2980K, capacity 3059K, committed 3072K, reserved 1048576K
}
Event: 121335.189 GC heap before
{Heap before GC invocations=14 (full 2):
 PSYoungGen      total 126976K, used 113659K [0x000000076ab00000, 0x0000000778980000, 0x00000007c0000000)
  eden space 42496K, 93% used [0x000000076ab00000,0x000000076d1a7870,0x000000076d480000)
  from space 84480K, 87% used [0x000000076d500000,0x0000000771d57638,0x0000000772780000)
  to   space 92672K, 0% used [0x0000000772f00000,0x0000000772f00000,0x0000000778980000)
 ParOldGen       total 126464K, used 89891K [0x00000006c0000000, 0x00000006c7b80000, 0x000000076ab00000)
  object space 126464K, 71% used [0x00000006c0000000,0x00000006c57c8dc8,0x00000006c7b80000)
 Metaspace       used 24809K, capacity 25156K, committed 25600K, reserved 1071104K
  class space    used 2980K, capacity 3059K, committed 3072K, reserved 1048576K
Event: 121335.508 GC heap after
Heap after GC invocations=14 (full 2):
 PSYoungGen      total 118784K, used 92647K [0x000000076ab00000, 0x000000077a900000, 0x00000007c0000000)
  eden space 26112K, 0% used [0x000000076ab00000,0x000000076ab00000,0x000000076c480000)
  from space 92672K, 99% used [0x0000000772f00000,0x0000000778979c40,0x0000000778980000)
  to   space 109056K, 0% used [0x000000076c480000,0x000000076c480000,0x0000000772f00000)
 ParOldGen       total 126464K, used 97356K [0x00000006c0000000, 0x00000006c7b80000, 0x000000076ab00000)
  object space 126464K, 76% used [0x00000006c0000000,0x00000006c5f132a8,0x00000006c7b80000)
 Metaspace       used 24809K, capacity 25156K, committed 25600K, reserved 1071104K
  class space    used 2980K, capacity 3059K, committed 3072K, reserved 1048576K
}
Event: 128519.764 GC heap before
{Heap before GC invocations=15 (full 2):
 PSYoungGen      total 118784K, used 118752K [0x000000076ab00000, 0x000000077a900000, 0x00000007c0000000)
  eden space 26112K, 99% used [0x000000076ab00000,0x000000076c47e730,0x000000076c480000)
  from space 92672K, 99% used [0x0000000772f00000,0x0000000778979c40,0x0000000778980000)
  to   space 109056K, 0% used [0x000000076c480000,0x000000076c480000,0x0000000772f00000)
 ParOldGen       total 126464K, used 97356K [0x00000006c0000000, 0x00000006c7b80000, 0x000000076ab00000)
  object space 126464K, 76% used [0x00000006c0000000,0x00000006c5f132a8,0x00000006c7b80000)
 Metaspace       used 24829K, capacity 25156K, committed 25600K, reserved 1071104K
  class space    used 2982K, capacity 3059K, committed 3072K, reserved 1048576K
Event: 128519.807 GC heap after
Heap after GC invocations=15 (full 2):
 PSYoungGen      total 79872K, used 53602K [0x000000076ab00000, 0x0000000779180000, 0x00000007c0000000)
  eden space 26112K, 0% used [0x000000076ab00000,0x000000076ab00000,0x000000076c480000)
  from space 53760K, 99% used [0x000000076c480000,0x000000076f8d88b8,0x000000076f900000)
  to   space 104960K, 0% used [0x0000000772b00000,0x0000000772b00000,0x0000000779180000)
 ParOldGen       total 128512K, used 128102K [0x00000006c0000000, 0x00000006c7d80000, 0x000000076ab00000)
  object space 128512K, 99% used [0x00000006c0000000,0x00000006c7d19810,0x00000006c7d80000)
 Metaspace       used 24829K, capacity 25156K, committed 25600K, reserved 1071104K
  class space    used 2982K, capacity 3059K, committed 3072K, reserved 1048576K
}
Event: 128519.807 GC heap before
{Heap before GC invocations=16 (full 3):
 PSYoungGen      total 79872K, used 53602K [0x000000076ab00000, 0x0000000779180000, 0x00000007c0000000)
  eden space 26112K, 0% used [0x000000076ab00000,0x000000076ab00000,0x000000076c480000)
  from space 53760K, 99% used [0x000000076c480000,0x000000076f8d88b8,0x000000076f900000)
  to   space 104960K, 0% used [0x0000000772b00000,0x0000000772b00000,0x0000000779180000)
 ParOldGen       total 128512K, used 128102K [0x00000006c0000000, 0x00000006c7d80000, 0x000000076ab00000)
  object space 128512K, 99% used [0x00000006c0000000,0x00000006c7d19810,0x00000006c7d80000)
 Metaspace       used 24829K, capacity 25156K, committed 25600K, reserved 1071104K
  class space    used 2982K, capacity 3059K, committed 3072K, reserved 1048576K
Event: 128520.129 GC heap after
Heap after GC invocations=16 (full 3):
 PSYoungGen      total 79872K, used 0K [0x000000076ab00000, 0x0000000779180000, 0x00000007c0000000)
  eden space 26112K, 0% used [0x000000076ab00000,0x000000076ab00000,0x000000076c480000)
  from space 53760K, 0% used [0x000000076c480000,0x000000076c480000,0x000000076f900000)
  to   space 104960K, 0% used [0x0000000772b00000,0x0000000772b00000,0x0000000779180000)
 ParOldGen       total 125440K, used 31596K [0x00000006c0000000, 0x00000006c7a80000, 0x000000076ab00000)
  object space 125440K, 25% used [0x00000006c0000000,0x00000006c1edb130,0x00000006c7a80000)
 Metaspace       used 24764K, capacity 25054K, committed 25600K, reserved 1071104K
  class space    used 2973K, capacity 3042K, committed 3072K, reserved 1048576K
}

